<?xml version="1.0" encoding="UTF-8"?>
<!-- Generated by org.testng.reporters.JUnitXMLReporter -->
<testsuite ignored="0" hostname="HYDHTC125451LT" failures="1" tests="3" name="Submit Order Test" time="110.805" errors="0" timestamp="2024-12-10T21:44:04 IST">
  <testcase classname="SeleniumJavaFramework.tests.StandaloneUsingFramework" name="submitOrder" time="25.894"/>
  <testcase classname="SeleniumJavaFramework.tests.StandaloneUsingFramework" name="submitOrder" time="43.677">
    <failure type="java.lang.AssertionError" message="expected [true] but found [false]">
      <![CDATA[java.lang.AssertionError: expected [true] but found [false]
at SeleniumJavaFramework.tests.StandaloneUsingFramework.submitOrder(StandaloneUsingFramework.java:35)
at java.base/java.util.ArrayList.forEach(ArrayList.java:1511)
at java.base/java.util.concurrent.FutureTask.run(FutureTask.java:264)
at java.base/java.util.concurrent.ThreadPoolExecutor.runWorker(ThreadPoolExecutor.java:1136)
at java.base/java.util.concurrent.ThreadPoolExecutor$Worker.run(ThreadPoolExecutor.java:635)
at java.base/java.lang.Thread.run(Thread.java:833)
... Removed 21 stack frames]]>
    </failure>
  </testcase> <!-- submitOrder -->
  <testcase classname="SeleniumJavaFramework.tests.StandaloneUsingFramework" name="OrderHistoryTest" time="0.0">
    <skipped/>
  </testcase> <!-- OrderHistoryTest -->
</testsuite> <!-- Submit Order Test -->
